<?xml version="1.0" encoding="UTF-8"?>
<robot generator="Robot 5.0.1 (Python 3.10.4 on win32)" generated="20220527 18:07:31.630" rpa="false" schemaversion="3">
<suite id="s1" name="Survey Covid" source="D:\_GHB\RobotFramework\survey-covid\survey_covid.robot">
<kw name="OnBrowser" type="SETUP">
<kw name="Open Browser" library="SeleniumLibrary">
<arg>${URL}</arg>
<arg>${BROWSER}</arg>
<doc>Opens a new browser instance to the optional ``url``.</doc>
<msg timestamp="20220527 18:07:31.894" level="INFO">Opening browser 'chrome' to base url 'file:///D:/Learning/python/robot%20framework/unmatch/survey%20covid%2019/page1.html#gf_36'.</msg>
<status status="PASS" starttime="20220527 18:07:31.893" endtime="20220527 18:07:33.644"/>
</kw>
<kw name="Maximize Browser Window" library="SeleniumLibrary">
<doc>Maximizes current browser window.</doc>
<status status="PASS" starttime="20220527 18:07:33.644" endtime="20220527 18:07:33.763"/>
</kw>
<status status="PASS" starttime="20220527 18:07:31.893" endtime="20220527 18:07:33.763"/>
</kw>
<test id="s1-t1" name="1.FOR Register" line="67">
<for flavor="IN">
<var>${ITEM}</var>
<value>@{USER_NO}</value>
<iter>
<var name="${ITEM}">00001</var>
<kw name="Run Keyword And Continue On Failure" library="BuiltIn">
<arg>PageALL</arg>
<arg>${ITEM}</arg>
<doc>Runs the keyword and continues execution even if a failure occurs.</doc>
<kw name="PageALL">
<arg>${ITEM}</arg>
<kw name="Click Element" library="SeleniumLibrary">
<arg>//*[@id="choice_36_84_0"]</arg>
<doc>Click the element identified by ``locator``.</doc>
<msg timestamp="20220527 18:07:33.766" level="INFO">Clicking element '//*[@id="choice_36_84_0"]'.</msg>
<status status="PASS" starttime="20220527 18:07:33.766" endtime="20220527 18:07:33.826"/>
</kw>
<kw name="Click Element" library="SeleniumLibrary">
<arg>//*[@id="choice_36_1_0"]</arg>
<doc>Click the element identified by ``locator``.</doc>
<msg timestamp="20220527 18:07:33.827" level="INFO">Clicking element '//*[@id="choice_36_1_0"]'.</msg>
<status status="PASS" starttime="20220527 18:07:33.826" endtime="20220527 18:07:33.888"/>
</kw>
<kw name="Input Text" library="SeleniumLibrary">
<arg>//*[@id="input_36_5"]</arg>
<arg>${ITEM}</arg>
<doc>Types the given ``text`` into the text field identified by ``locator``.</doc>
<msg timestamp="20220527 18:07:33.889" level="INFO">Typing text '00001' into text field '//*[@id="input_36_5"]'.</msg>
<status status="PASS" starttime="20220527 18:07:33.888" endtime="20220527 18:07:33.970"/>
</kw>
<kw name="Click Element" library="SeleniumLibrary">
<arg>//*[@id="gform_next_button_36_52"]</arg>
<doc>Click the element identified by ``locator``.</doc>
<msg timestamp="20220527 18:07:33.970" level="INFO">Clicking element '//*[@id="gform_next_button_36_52"]'.</msg>
<status status="PASS" starttime="20220527 18:07:33.970" endtime="20220527 18:07:34.204"/>
</kw>
<kw name="Sleep" library="BuiltIn">
<arg>3s</arg>
<doc>Pauses the test executed for the given time.</doc>
<msg timestamp="20220527 18:07:37.218" level="INFO">Slept 3 seconds</msg>
<status status="PASS" starttime="20220527 18:07:34.204" endtime="20220527 18:07:37.218"/>
</kw>
<kw name="Click Element" library="SeleniumLibrary">
<arg>//*[@id="input_36_96_1"]</arg>
<doc>Click the element identified by ``locator``.</doc>
<msg timestamp="20220527 18:07:37.218" level="INFO">Clicking element '//*[@id="input_36_96_1"]'.</msg>
<status status="PASS" starttime="20220527 18:07:37.218" endtime="20220527 18:07:37.266"/>
</kw>
<kw name="Click Element" library="SeleniumLibrary">
<arg>//*[@id="gform_next_button_36_97"]</arg>
<doc>Click the element identified by ``locator``.</doc>
<msg timestamp="20220527 18:07:37.266" level="INFO">Clicking element '//*[@id="gform_next_button_36_97"]'.</msg>
<status status="PASS" starttime="20220527 18:07:37.266" endtime="20220527 18:07:37.536"/>
</kw>
<kw name="Sleep" library="BuiltIn">
<arg>3s</arg>
<doc>Pauses the test executed for the given time.</doc>
<msg timestamp="20220527 18:07:40.543" level="INFO">Slept 3 seconds</msg>
<status status="PASS" starttime="20220527 18:07:37.536" endtime="20220527 18:07:40.543"/>
</kw>
<kw name="Run Keyword If" library="BuiltIn">
<arg>'${ITEM}' == '00001'</arg>
<arg>Click Element</arg>
<arg>//*[@id="choice_36_100_0s"]</arg>
<arg>ELSE</arg>
<arg>Click Element</arg>
<arg>//*[@id="choice_36_100_1"]</arg>
<doc>Runs the given keyword with the given arguments, if ``condition`` is true.</doc>
<kw name="Click Element" library="SeleniumLibrary">
<arg>//*[@id="choice_36_100_0s"]</arg>
<doc>Click the element identified by ``locator``.</doc>
<msg timestamp="20220527 18:07:40.544" level="INFO">Clicking element '//*[@id="choice_36_100_0s"]'.</msg>
<msg timestamp="20220527 18:07:40.667" level="INFO" html="true">&lt;/td&gt;&lt;/tr&gt;&lt;tr&gt;&lt;td colspan="3"&gt;&lt;a href="selenium-screenshot-1.png"&gt;&lt;img src="selenium-screenshot-1.png" width="800px"&gt;&lt;/a&gt;</msg>
<msg timestamp="20220527 18:07:40.668" level="FAIL">Element with locator '//*[@id="choice_36_100_0s"]' not found.</msg>
<status status="FAIL" starttime="20220527 18:07:40.543" endtime="20220527 18:07:40.670"/>
</kw>
<status status="FAIL" starttime="20220527 18:07:40.543" endtime="20220527 18:07:40.670"/>
</kw>
<kw name="Sleep" library="BuiltIn">
<arg>2s</arg>
<doc>Pauses the test executed for the given time.</doc>
<status status="NOT RUN" starttime="20220527 18:07:40.670" endtime="20220527 18:07:40.671"/>
</kw>
<kw name="Click Element" library="SeleniumLibrary">
<arg>//*[@id="choice_36_101_1"]</arg>
<doc>Click the element identified by ``locator``.</doc>
<status status="NOT RUN" starttime="20220527 18:07:40.671" endtime="20220527 18:07:40.671"/>
</kw>
<kw name="Click Element" library="SeleniumLibrary">
<arg>//*[@id="choice_36_103_1"]</arg>
<doc>Click the element identified by ``locator``.</doc>
<status status="NOT RUN" starttime="20220527 18:07:40.671" endtime="20220527 18:07:40.671"/>
</kw>
<kw name="Click Element" library="SeleniumLibrary">
<arg>//*[@id="choice_36_105_1"]</arg>
<doc>Click the element identified by ``locator``.</doc>
<status status="NOT RUN" starttime="20220527 18:07:40.671" endtime="20220527 18:07:40.671"/>
</kw>
<kw name="Click Element" library="SeleniumLibrary">
<arg>//*[@id="choice_36_107_1"]</arg>
<doc>Click the element identified by ``locator``.</doc>
<status status="NOT RUN" starttime="20220527 18:07:40.671" endtime="20220527 18:07:40.671"/>
</kw>
<kw name="Click Element" library="SeleniumLibrary">
<arg>//*[@id="choice_36_110_1"]</arg>
<doc>Click the element identified by ``locator``.</doc>
<status status="NOT RUN" starttime="20220527 18:07:40.671" endtime="20220527 18:07:40.671"/>
</kw>
<kw name="Input Text" library="SeleniumLibrary">
<arg>//*[@id="input_36_106"]</arg>
<arg>0867023192</arg>
<doc>Types the given ``text`` into the text field identified by ``locator``.</doc>
<status status="NOT RUN" starttime="20220527 18:07:40.671" endtime="20220527 18:07:40.671"/>
</kw>
<kw name="Click Element" library="SeleniumLibrary">
<arg>//*[@id="gform_next_button_36_108"]</arg>
<doc>Click the element identified by ``locator``.</doc>
<status status="NOT RUN" starttime="20220527 18:07:40.671" endtime="20220527 18:07:40.671"/>
</kw>
<kw name="Sleep" library="BuiltIn">
<arg>3s</arg>
<doc>Pauses the test executed for the given time.</doc>
<status status="NOT RUN" starttime="20220527 18:07:40.672" endtime="20220527 18:07:40.672"/>
</kw>
<kw name="Capture Page Screenshot" library="SeleniumLibrary">
<doc>Takes a screenshot of the current page and embeds it into a log file.</doc>
<status status="NOT RUN" starttime="20220527 18:07:40.672" endtime="20220527 18:07:40.672"/>
</kw>
<kw name="Click Element" library="SeleniumLibrary">
<arg>//*[@id="input_36_91_1"]</arg>
<doc>Click the element identified by ``locator``.</doc>
<status status="NOT RUN" starttime="20220527 18:07:40.672" endtime="20220527 18:07:40.672"/>
</kw>
<kw name="Click Element" library="SeleniumLibrary">
<arg>//*[@id="gform_submit_button_36"]</arg>
<doc>Click the element identified by ``locator``.</doc>
<status status="NOT RUN" starttime="20220527 18:07:40.672" endtime="20220527 18:07:40.672"/>
</kw>
<status status="FAIL" starttime="20220527 18:07:33.765" endtime="20220527 18:07:40.672"/>
</kw>
<status status="FAIL" starttime="20220527 18:07:33.765" endtime="20220527 18:07:40.673"/>
</kw>
<kw name="Go To" library="SeleniumLibrary">
<arg>${URL}</arg>
<doc>Navigates the current browser window to the provided ``url``.</doc>
<msg timestamp="20220527 18:07:40.673" level="INFO">Opening url 'file:///D:/Learning/python/robot%20framework/unmatch/survey%20covid%2019/page1.html#gf_36'</msg>
<status status="PASS" starttime="20220527 18:07:40.673" endtime="20220527 18:07:40.850"/>
</kw>
<status status="FAIL" starttime="20220527 18:07:33.765" endtime="20220527 18:07:40.850"/>
</iter>
<iter>
<var name="${ITEM}">00002</var>
<kw name="Run Keyword And Continue On Failure" library="BuiltIn">
<arg>PageALL</arg>
<arg>${ITEM}</arg>
<doc>Runs the keyword and continues execution even if a failure occurs.</doc>
<kw name="PageALL">
<arg>${ITEM}</arg>
<kw name="Click Element" library="SeleniumLibrary">
<arg>//*[@id="choice_36_84_0"]</arg>
<doc>Click the element identified by ``locator``.</doc>
<msg timestamp="20220527 18:07:40.851" level="INFO">Clicking element '//*[@id="choice_36_84_0"]'.</msg>
<status status="PASS" starttime="20220527 18:07:40.851" endtime="20220527 18:07:40.905"/>
</kw>
<kw name="Click Element" library="SeleniumLibrary">
<arg>//*[@id="choice_36_1_0"]</arg>
<doc>Click the element identified by ``locator``.</doc>
<msg timestamp="20220527 18:07:40.906" level="INFO">Clicking element '//*[@id="choice_36_1_0"]'.</msg>
<status status="PASS" starttime="20220527 18:07:40.905" endtime="20220527 18:07:40.974"/>
</kw>
<kw name="Input Text" library="SeleniumLibrary">
<arg>//*[@id="input_36_5"]</arg>
<arg>${ITEM}</arg>
<doc>Types the given ``text`` into the text field identified by ``locator``.</doc>
<msg timestamp="20220527 18:07:40.974" level="INFO">Typing text '00002' into text field '//*[@id="input_36_5"]'.</msg>
<status status="PASS" starttime="20220527 18:07:40.974" endtime="20220527 18:07:41.050"/>
</kw>
<kw name="Click Element" library="SeleniumLibrary">
<arg>//*[@id="gform_next_button_36_52"]</arg>
<doc>Click the element identified by ``locator``.</doc>
<msg timestamp="20220527 18:07:41.051" level="INFO">Clicking element '//*[@id="gform_next_button_36_52"]'.</msg>
<status status="PASS" starttime="20220527 18:07:41.050" endtime="20220527 18:07:41.282"/>
</kw>
<kw name="Sleep" library="BuiltIn">
<arg>3s</arg>
<doc>Pauses the test executed for the given time.</doc>
<msg timestamp="20220527 18:07:44.297" level="INFO">Slept 3 seconds</msg>
<status status="PASS" starttime="20220527 18:07:41.282" endtime="20220527 18:07:44.297"/>
</kw>
<kw name="Click Element" library="SeleniumLibrary">
<arg>//*[@id="input_36_96_1"]</arg>
<doc>Click the element identified by ``locator``.</doc>
<msg timestamp="20220527 18:07:44.298" level="INFO">Clicking element '//*[@id="input_36_96_1"]'.</msg>
<status status="PASS" starttime="20220527 18:07:44.297" endtime="20220527 18:07:44.351"/>
</kw>
<kw name="Click Element" library="SeleniumLibrary">
<arg>//*[@id="gform_next_button_36_97"]</arg>
<doc>Click the element identified by ``locator``.</doc>
<msg timestamp="20220527 18:07:44.352" level="INFO">Clicking element '//*[@id="gform_next_button_36_97"]'.</msg>
<status status="PASS" starttime="20220527 18:07:44.351" endtime="20220527 18:07:44.587"/>
</kw>
<kw name="Sleep" library="BuiltIn">
<arg>3s</arg>
<doc>Pauses the test executed for the given time.</doc>
<msg timestamp="20220527 18:07:47.598" level="INFO">Slept 3 seconds</msg>
<status status="PASS" starttime="20220527 18:07:44.587" endtime="20220527 18:07:47.598"/>
</kw>
<kw name="Run Keyword If" library="BuiltIn">
<arg>'${ITEM}' == '00001'</arg>
<arg>Click Element</arg>
<arg>//*[@id="choice_36_100_0s"]</arg>
<arg>ELSE</arg>
<arg>Click Element</arg>
<arg>//*[@id="choice_36_100_1"]</arg>
<doc>Runs the given keyword with the given arguments, if ``condition`` is true.</doc>
<kw name="Click Element" library="SeleniumLibrary">
<arg>//*[@id="choice_36_100_1"]</arg>
<doc>Click the element identified by ``locator``.</doc>
<msg timestamp="20220527 18:07:47.599" level="INFO">Clicking element '//*[@id="choice_36_100_1"]'.</msg>
<status status="PASS" starttime="20220527 18:07:47.598" endtime="20220527 18:07:47.672"/>
</kw>
<status status="PASS" starttime="20220527 18:07:47.598" endtime="20220527 18:07:47.672"/>
</kw>
<kw name="Sleep" library="BuiltIn">
<arg>2s</arg>
<doc>Pauses the test executed for the given time.</doc>
<msg timestamp="20220527 18:07:49.680" level="INFO">Slept 2 seconds</msg>
<status status="PASS" starttime="20220527 18:07:47.672" endtime="20220527 18:07:49.680"/>
</kw>
<kw name="Click Element" library="SeleniumLibrary">
<arg>//*[@id="choice_36_101_1"]</arg>
<doc>Click the element identified by ``locator``.</doc>
<msg timestamp="20220527 18:07:49.680" level="INFO">Clicking element '//*[@id="choice_36_101_1"]'.</msg>
<status status="PASS" starttime="20220527 18:07:49.680" endtime="20220527 18:07:49.739"/>
</kw>
<kw name="Click Element" library="SeleniumLibrary">
<arg>//*[@id="choice_36_103_1"]</arg>
<doc>Click the element identified by ``locator``.</doc>
<msg timestamp="20220527 18:07:49.740" level="INFO">Clicking element '//*[@id="choice_36_103_1"]'.</msg>
<status status="PASS" starttime="20220527 18:07:49.740" endtime="20220527 18:07:49.787"/>
</kw>
<kw name="Click Element" library="SeleniumLibrary">
<arg>//*[@id="choice_36_105_1"]</arg>
<doc>Click the element identified by ``locator``.</doc>
<msg timestamp="20220527 18:07:49.787" level="INFO">Clicking element '//*[@id="choice_36_105_1"]'.</msg>
<status status="PASS" starttime="20220527 18:07:49.787" endtime="20220527 18:07:49.834"/>
</kw>
<kw name="Click Element" library="SeleniumLibrary">
<arg>//*[@id="choice_36_107_1"]</arg>
<doc>Click the element identified by ``locator``.</doc>
<msg timestamp="20220527 18:07:49.835" level="INFO">Clicking element '//*[@id="choice_36_107_1"]'.</msg>
<status status="PASS" starttime="20220527 18:07:49.834" endtime="20220527 18:07:49.881"/>
</kw>
<kw name="Click Element" library="SeleniumLibrary">
<arg>//*[@id="choice_36_110_1"]</arg>
<doc>Click the element identified by ``locator``.</doc>
<msg timestamp="20220527 18:07:49.881" level="INFO">Clicking element '//*[@id="choice_36_110_1"]'.</msg>
<status status="PASS" starttime="20220527 18:07:49.881" endtime="20220527 18:07:49.928"/>
</kw>
<kw name="Input Text" library="SeleniumLibrary">
<arg>//*[@id="input_36_106"]</arg>
<arg>0867023192</arg>
<doc>Types the given ``text`` into the text field identified by ``locator``.</doc>
<msg timestamp="20220527 18:07:49.928" level="INFO">Typing text '0867023192' into text field '//*[@id="input_36_106"]'.</msg>
<status status="PASS" starttime="20220527 18:07:49.928" endtime="20220527 18:07:50.015"/>
</kw>
<kw name="Click Element" library="SeleniumLibrary">
<arg>//*[@id="gform_next_button_36_108"]</arg>
<doc>Click the element identified by ``locator``.</doc>
<msg timestamp="20220527 18:07:50.015" level="INFO">Clicking element '//*[@id="gform_next_button_36_108"]'.</msg>
<status status="PASS" starttime="20220527 18:07:50.015" endtime="20220527 18:07:50.295"/>
</kw>
<kw name="Sleep" library="BuiltIn">
<arg>3s</arg>
<doc>Pauses the test executed for the given time.</doc>
<msg timestamp="20220527 18:07:53.300" level="INFO">Slept 3 seconds</msg>
<status status="PASS" starttime="20220527 18:07:50.295" endtime="20220527 18:07:53.300"/>
</kw>
<kw name="Capture Page Screenshot" library="SeleniumLibrary">
<doc>Takes a screenshot of the current page and embeds it into a log file.</doc>
<msg timestamp="20220527 18:07:53.390" level="INFO" html="true">&lt;/td&gt;&lt;/tr&gt;&lt;tr&gt;&lt;td colspan="3"&gt;&lt;a href="selenium-screenshot-2.png"&gt;&lt;img src="selenium-screenshot-2.png" width="800px"&gt;&lt;/a&gt;</msg>
<status status="PASS" starttime="20220527 18:07:53.300" endtime="20220527 18:07:53.390"/>
</kw>
<kw name="Click Element" library="SeleniumLibrary">
<arg>//*[@id="input_36_91_1"]</arg>
<doc>Click the element identified by ``locator``.</doc>
<msg timestamp="20220527 18:07:53.390" level="INFO">Clicking element '//*[@id="input_36_91_1"]'.</msg>
<status status="PASS" starttime="20220527 18:07:53.390" endtime="20220527 18:07:53.439"/>
</kw>
<kw name="Click Element" library="SeleniumLibrary">
<arg>//*[@id="gform_submit_button_36"]</arg>
<doc>Click the element identified by ``locator``.</doc>
<msg timestamp="20220527 18:07:53.439" level="INFO">Clicking element '//*[@id="gform_submit_button_36"]'.</msg>
<status status="PASS" starttime="20220527 18:07:53.439" endtime="20220527 18:07:53.665"/>
</kw>
<status status="PASS" starttime="20220527 18:07:40.851" endtime="20220527 18:07:53.665"/>
</kw>
<status status="PASS" starttime="20220527 18:07:40.851" endtime="20220527 18:07:53.665"/>
</kw>
<kw name="Go To" library="SeleniumLibrary">
<arg>${URL}</arg>
<doc>Navigates the current browser window to the provided ``url``.</doc>
<msg timestamp="20220527 18:07:53.665" level="INFO">Opening url 'file:///D:/Learning/python/robot%20framework/unmatch/survey%20covid%2019/page1.html#gf_36'</msg>
<status status="PASS" starttime="20220527 18:07:53.665" endtime="20220527 18:07:53.671"/>
</kw>
<status status="PASS" starttime="20220527 18:07:40.850" endtime="20220527 18:07:53.671"/>
</iter>
<iter>
<var name="${ITEM}">00003</var>
<kw name="Run Keyword And Continue On Failure" library="BuiltIn">
<arg>PageALL</arg>
<arg>${ITEM}</arg>
<doc>Runs the keyword and continues execution even if a failure occurs.</doc>
<kw name="PageALL">
<arg>${ITEM}</arg>
<kw name="Click Element" library="SeleniumLibrary">
<arg>//*[@id="choice_36_84_0"]</arg>
<doc>Click the element identified by ``locator``.</doc>
<msg timestamp="20220527 18:07:53.672" level="INFO">Clicking element '//*[@id="choice_36_84_0"]'.</msg>
<status status="PASS" starttime="20220527 18:07:53.672" endtime="20220527 18:07:53.727"/>
</kw>
<kw name="Click Element" library="SeleniumLibrary">
<arg>//*[@id="choice_36_1_0"]</arg>
<doc>Click the element identified by ``locator``.</doc>
<msg timestamp="20220527 18:07:53.728" level="INFO">Clicking element '//*[@id="choice_36_1_0"]'.</msg>
<status status="PASS" starttime="20220527 18:07:53.727" endtime="20220527 18:07:53.790"/>
</kw>
<kw name="Input Text" library="SeleniumLibrary">
<arg>//*[@id="input_36_5"]</arg>
<arg>${ITEM}</arg>
<doc>Types the given ``text`` into the text field identified by ``locator``.</doc>
<msg timestamp="20220527 18:07:53.790" level="INFO">Typing text '00003' into text field '//*[@id="input_36_5"]'.</msg>
<status status="PASS" starttime="20220527 18:07:53.790" endtime="20220527 18:07:53.867"/>
</kw>
<kw name="Click Element" library="SeleniumLibrary">
<arg>//*[@id="gform_next_button_36_52"]</arg>
<doc>Click the element identified by ``locator``.</doc>
<msg timestamp="20220527 18:07:53.868" level="INFO">Clicking element '//*[@id="gform_next_button_36_52"]'.</msg>
<status status="PASS" starttime="20220527 18:07:53.868" endtime="20220527 18:07:54.115"/>
</kw>
<kw name="Sleep" library="BuiltIn">
<arg>3s</arg>
<doc>Pauses the test executed for the given time.</doc>
<msg timestamp="20220527 18:07:57.121" level="INFO">Slept 3 seconds</msg>
<status status="PASS" starttime="20220527 18:07:54.115" endtime="20220527 18:07:57.121"/>
</kw>
<kw name="Click Element" library="SeleniumLibrary">
<arg>//*[@id="input_36_96_1"]</arg>
<doc>Click the element identified by ``locator``.</doc>
<msg timestamp="20220527 18:07:57.121" level="INFO">Clicking element '//*[@id="input_36_96_1"]'.</msg>
<status status="PASS" starttime="20220527 18:07:57.121" endtime="20220527 18:07:57.171"/>
</kw>
<kw name="Click Element" library="SeleniumLibrary">
<arg>//*[@id="gform_next_button_36_97"]</arg>
<doc>Click the element identified by ``locator``.</doc>
<msg timestamp="20220527 18:07:57.171" level="INFO">Clicking element '//*[@id="gform_next_button_36_97"]'.</msg>
<status status="PASS" starttime="20220527 18:07:57.171" endtime="20220527 18:07:57.412"/>
</kw>
<kw name="Sleep" library="BuiltIn">
<arg>3s</arg>
<doc>Pauses the test executed for the given time.</doc>
<msg timestamp="20220527 18:08:00.424" level="INFO">Slept 3 seconds</msg>
<status status="PASS" starttime="20220527 18:07:57.412" endtime="20220527 18:08:00.424"/>
</kw>
<kw name="Run Keyword If" library="BuiltIn">
<arg>'${ITEM}' == '00001'</arg>
<arg>Click Element</arg>
<arg>//*[@id="choice_36_100_0s"]</arg>
<arg>ELSE</arg>
<arg>Click Element</arg>
<arg>//*[@id="choice_36_100_1"]</arg>
<doc>Runs the given keyword with the given arguments, if ``condition`` is true.</doc>
<kw name="Click Element" library="SeleniumLibrary">
<arg>//*[@id="choice_36_100_1"]</arg>
<doc>Click the element identified by ``locator``.</doc>
<msg timestamp="20220527 18:08:00.426" level="INFO">Clicking element '//*[@id="choice_36_100_1"]'.</msg>
<status status="PASS" starttime="20220527 18:08:00.425" endtime="20220527 18:08:00.482"/>
</kw>
<status status="PASS" starttime="20220527 18:08:00.424" endtime="20220527 18:08:00.483"/>
</kw>
<kw name="Sleep" library="BuiltIn">
<arg>2s</arg>
<doc>Pauses the test executed for the given time.</doc>
<msg timestamp="20220527 18:08:02.491" level="INFO">Slept 2 seconds</msg>
<status status="PASS" starttime="20220527 18:08:00.483" endtime="20220527 18:08:02.491"/>
</kw>
<kw name="Click Element" library="SeleniumLibrary">
<arg>//*[@id="choice_36_101_1"]</arg>
<doc>Click the element identified by ``locator``.</doc>
<msg timestamp="20220527 18:08:02.492" level="INFO">Clicking element '//*[@id="choice_36_101_1"]'.</msg>
<status status="PASS" starttime="20220527 18:08:02.491" endtime="20220527 18:08:02.548"/>
</kw>
<kw name="Click Element" library="SeleniumLibrary">
<arg>//*[@id="choice_36_103_1"]</arg>
<doc>Click the element identified by ``locator``.</doc>
<msg timestamp="20220527 18:08:02.548" level="INFO">Clicking element '//*[@id="choice_36_103_1"]'.</msg>
<status status="PASS" starttime="20220527 18:08:02.548" endtime="20220527 18:08:02.593"/>
</kw>
<kw name="Click Element" library="SeleniumLibrary">
<arg>//*[@id="choice_36_105_1"]</arg>
<doc>Click the element identified by ``locator``.</doc>
<msg timestamp="20220527 18:08:02.594" level="INFO">Clicking element '//*[@id="choice_36_105_1"]'.</msg>
<status status="PASS" starttime="20220527 18:08:02.594" endtime="20220527 18:08:02.639"/>
</kw>
<kw name="Click Element" library="SeleniumLibrary">
<arg>//*[@id="choice_36_107_1"]</arg>
<doc>Click the element identified by ``locator``.</doc>
<msg timestamp="20220527 18:08:02.639" level="INFO">Clicking element '//*[@id="choice_36_107_1"]'.</msg>
<status status="PASS" starttime="20220527 18:08:02.639" endtime="20220527 18:08:02.685"/>
</kw>
<kw name="Click Element" library="SeleniumLibrary">
<arg>//*[@id="choice_36_110_1"]</arg>
<doc>Click the element identified by ``locator``.</doc>
<msg timestamp="20220527 18:08:02.685" level="INFO">Clicking element '//*[@id="choice_36_110_1"]'.</msg>
<status status="PASS" starttime="20220527 18:08:02.685" endtime="20220527 18:08:02.732"/>
</kw>
<kw name="Input Text" library="SeleniumLibrary">
<arg>//*[@id="input_36_106"]</arg>
<arg>0867023192</arg>
<doc>Types the given ``text`` into the text field identified by ``locator``.</doc>
<msg timestamp="20220527 18:08:02.733" level="INFO">Typing text '0867023192' into text field '//*[@id="input_36_106"]'.</msg>
<status status="PASS" starttime="20220527 18:08:02.732" endtime="20220527 18:08:02.817"/>
</kw>
<kw name="Click Element" library="SeleniumLibrary">
<arg>//*[@id="gform_next_button_36_108"]</arg>
<doc>Click the element identified by ``locator``.</doc>
<msg timestamp="20220527 18:08:02.818" level="INFO">Clicking element '//*[@id="gform_next_button_36_108"]'.</msg>
<status status="PASS" starttime="20220527 18:08:02.818" endtime="20220527 18:08:03.058"/>
</kw>
<kw name="Sleep" library="BuiltIn">
<arg>3s</arg>
<doc>Pauses the test executed for the given time.</doc>
<msg timestamp="20220527 18:08:06.065" level="INFO">Slept 3 seconds</msg>
<status status="PASS" starttime="20220527 18:08:03.058" endtime="20220527 18:08:06.065"/>
</kw>
<kw name="Capture Page Screenshot" library="SeleniumLibrary">
<doc>Takes a screenshot of the current page and embeds it into a log file.</doc>
<msg timestamp="20220527 18:08:06.156" level="INFO" html="true">&lt;/td&gt;&lt;/tr&gt;&lt;tr&gt;&lt;td colspan="3"&gt;&lt;a href="selenium-screenshot-3.png"&gt;&lt;img src="selenium-screenshot-3.png" width="800px"&gt;&lt;/a&gt;</msg>
<status status="PASS" starttime="20220527 18:08:06.066" endtime="20220527 18:08:06.157"/>
</kw>
<kw name="Click Element" library="SeleniumLibrary">
<arg>//*[@id="input_36_91_1"]</arg>
<doc>Click the element identified by ``locator``.</doc>
<msg timestamp="20220527 18:08:06.157" level="INFO">Clicking element '//*[@id="input_36_91_1"]'.</msg>
<status status="PASS" starttime="20220527 18:08:06.157" endtime="20220527 18:08:06.204"/>
</kw>
<kw name="Click Element" library="SeleniumLibrary">
<arg>//*[@id="gform_submit_button_36"]</arg>
<doc>Click the element identified by ``locator``.</doc>
<msg timestamp="20220527 18:08:06.204" level="INFO">Clicking element '//*[@id="gform_submit_button_36"]'.</msg>
<status status="PASS" starttime="20220527 18:08:06.204" endtime="20220527 18:08:06.420"/>
</kw>
<status status="PASS" starttime="20220527 18:07:53.672" endtime="20220527 18:08:06.421"/>
</kw>
<status status="PASS" starttime="20220527 18:07:53.671" endtime="20220527 18:08:06.421"/>
</kw>
<kw name="Go To" library="SeleniumLibrary">
<arg>${URL}</arg>
<doc>Navigates the current browser window to the provided ``url``.</doc>
<msg timestamp="20220527 18:08:06.421" level="INFO">Opening url 'file:///D:/Learning/python/robot%20framework/unmatch/survey%20covid%2019/page1.html#gf_36'</msg>
<status status="PASS" starttime="20220527 18:08:06.421" endtime="20220527 18:08:06.427"/>
</kw>
<status status="PASS" starttime="20220527 18:07:53.671" endtime="20220527 18:08:06.427"/>
</iter>
<iter>
<var name="${ITEM}">00004</var>
<kw name="Run Keyword And Continue On Failure" library="BuiltIn">
<arg>PageALL</arg>
<arg>${ITEM}</arg>
<doc>Runs the keyword and continues execution even if a failure occurs.</doc>
<kw name="PageALL">
<arg>${ITEM}</arg>
<kw name="Click Element" library="SeleniumLibrary">
<arg>//*[@id="choice_36_84_0"]</arg>
<doc>Click the element identified by ``locator``.</doc>
<msg timestamp="20220527 18:08:06.428" level="INFO">Clicking element '//*[@id="choice_36_84_0"]'.</msg>
<status status="PASS" starttime="20220527 18:08:06.427" endtime="20220527 18:08:06.479"/>
</kw>
<kw name="Click Element" library="SeleniumLibrary">
<arg>//*[@id="choice_36_1_0"]</arg>
<doc>Click the element identified by ``locator``.</doc>
<msg timestamp="20220527 18:08:06.480" level="INFO">Clicking element '//*[@id="choice_36_1_0"]'.</msg>
<status status="PASS" starttime="20220527 18:08:06.479" endtime="20220527 18:08:06.540"/>
</kw>
<kw name="Input Text" library="SeleniumLibrary">
<arg>//*[@id="input_36_5"]</arg>
<arg>${ITEM}</arg>
<doc>Types the given ``text`` into the text field identified by ``locator``.</doc>
<msg timestamp="20220527 18:08:06.541" level="INFO">Typing text '00004' into text field '//*[@id="input_36_5"]'.</msg>
<status status="PASS" starttime="20220527 18:08:06.540" endtime="20220527 18:08:06.618"/>
</kw>
<kw name="Click Element" library="SeleniumLibrary">
<arg>//*[@id="gform_next_button_36_52"]</arg>
<doc>Click the element identified by ``locator``.</doc>
<msg timestamp="20220527 18:08:06.618" level="INFO">Clicking element '//*[@id="gform_next_button_36_52"]'.</msg>
<status status="PASS" starttime="20220527 18:08:06.618" endtime="20220527 18:08:06.843"/>
</kw>
<kw name="Sleep" library="BuiltIn">
<arg>3s</arg>
<doc>Pauses the test executed for the given time.</doc>
<msg timestamp="20220527 18:08:09.850" level="INFO">Slept 3 seconds</msg>
<status status="PASS" starttime="20220527 18:08:06.844" endtime="20220527 18:08:09.850"/>
</kw>
<kw name="Click Element" library="SeleniumLibrary">
<arg>//*[@id="input_36_96_1"]</arg>
<doc>Click the element identified by ``locator``.</doc>
<msg timestamp="20220527 18:08:09.851" level="INFO">Clicking element '//*[@id="input_36_96_1"]'.</msg>
<status status="PASS" starttime="20220527 18:08:09.850" endtime="20220527 18:08:09.918"/>
</kw>
<kw name="Click Element" library="SeleniumLibrary">
<arg>//*[@id="gform_next_button_36_97"]</arg>
<doc>Click the element identified by ``locator``.</doc>
<msg timestamp="20220527 18:08:09.919" level="INFO">Clicking element '//*[@id="gform_next_button_36_97"]'.</msg>
<status status="PASS" starttime="20220527 18:08:09.918" endtime="20220527 18:08:10.150"/>
</kw>
<kw name="Sleep" library="BuiltIn">
<arg>3s</arg>
<doc>Pauses the test executed for the given time.</doc>
<msg timestamp="20220527 18:08:13.154" level="INFO">Slept 3 seconds</msg>
<status status="PASS" starttime="20220527 18:08:10.151" endtime="20220527 18:08:13.154"/>
</kw>
<kw name="Run Keyword If" library="BuiltIn">
<arg>'${ITEM}' == '00001'</arg>
<arg>Click Element</arg>
<arg>//*[@id="choice_36_100_0s"]</arg>
<arg>ELSE</arg>
<arg>Click Element</arg>
<arg>//*[@id="choice_36_100_1"]</arg>
<doc>Runs the given keyword with the given arguments, if ``condition`` is true.</doc>
<kw name="Click Element" library="SeleniumLibrary">
<arg>//*[@id="choice_36_100_1"]</arg>
<doc>Click the element identified by ``locator``.</doc>
<msg timestamp="20220527 18:08:13.155" level="INFO">Clicking element '//*[@id="choice_36_100_1"]'.</msg>
<status status="PASS" starttime="20220527 18:08:13.155" endtime="20220527 18:08:13.225"/>
</kw>
<status status="PASS" starttime="20220527 18:08:13.154" endtime="20220527 18:08:13.225"/>
</kw>
<kw name="Sleep" library="BuiltIn">
<arg>2s</arg>
<doc>Pauses the test executed for the given time.</doc>
<msg timestamp="20220527 18:08:15.235" level="INFO">Slept 2 seconds</msg>
<status status="PASS" starttime="20220527 18:08:13.225" endtime="20220527 18:08:15.235"/>
</kw>
<kw name="Click Element" library="SeleniumLibrary">
<arg>//*[@id="choice_36_101_1"]</arg>
<doc>Click the element identified by ``locator``.</doc>
<msg timestamp="20220527 18:08:15.236" level="INFO">Clicking element '//*[@id="choice_36_101_1"]'.</msg>
<status status="PASS" starttime="20220527 18:08:15.235" endtime="20220527 18:08:15.297"/>
</kw>
<kw name="Click Element" library="SeleniumLibrary">
<arg>//*[@id="choice_36_103_1"]</arg>
<doc>Click the element identified by ``locator``.</doc>
<msg timestamp="20220527 18:08:15.297" level="INFO">Clicking element '//*[@id="choice_36_103_1"]'.</msg>
<status status="PASS" starttime="20220527 18:08:15.297" endtime="20220527 18:08:15.343"/>
</kw>
<kw name="Click Element" library="SeleniumLibrary">
<arg>//*[@id="choice_36_105_1"]</arg>
<doc>Click the element identified by ``locator``.</doc>
<msg timestamp="20220527 18:08:15.344" level="INFO">Clicking element '//*[@id="choice_36_105_1"]'.</msg>
<status status="PASS" starttime="20220527 18:08:15.344" endtime="20220527 18:08:15.390"/>
</kw>
<kw name="Click Element" library="SeleniumLibrary">
<arg>//*[@id="choice_36_107_1"]</arg>
<doc>Click the element identified by ``locator``.</doc>
<msg timestamp="20220527 18:08:15.390" level="INFO">Clicking element '//*[@id="choice_36_107_1"]'.</msg>
<status status="PASS" starttime="20220527 18:08:15.390" endtime="20220527 18:08:15.436"/>
</kw>
<kw name="Click Element" library="SeleniumLibrary">
<arg>//*[@id="choice_36_110_1"]</arg>
<doc>Click the element identified by ``locator``.</doc>
<msg timestamp="20220527 18:08:15.436" level="INFO">Clicking element '//*[@id="choice_36_110_1"]'.</msg>
<status status="PASS" starttime="20220527 18:08:15.436" endtime="20220527 18:08:15.482"/>
</kw>
<kw name="Input Text" library="SeleniumLibrary">
<arg>//*[@id="input_36_106"]</arg>
<arg>0867023192</arg>
<doc>Types the given ``text`` into the text field identified by ``locator``.</doc>
<msg timestamp="20220527 18:08:15.482" level="INFO">Typing text '0867023192' into text field '//*[@id="input_36_106"]'.</msg>
<status status="PASS" starttime="20220527 18:08:15.482" endtime="20220527 18:08:15.567"/>
</kw>
<kw name="Click Element" library="SeleniumLibrary">
<arg>//*[@id="gform_next_button_36_108"]</arg>
<doc>Click the element identified by ``locator``.</doc>
<msg timestamp="20220527 18:08:15.567" level="INFO">Clicking element '//*[@id="gform_next_button_36_108"]'.</msg>
<status status="PASS" starttime="20220527 18:08:15.567" endtime="20220527 18:08:15.805"/>
</kw>
<kw name="Sleep" library="BuiltIn">
<arg>3s</arg>
<doc>Pauses the test executed for the given time.</doc>
<msg timestamp="20220527 18:08:18.816" level="INFO">Slept 3 seconds</msg>
<status status="PASS" starttime="20220527 18:08:15.805" endtime="20220527 18:08:18.816"/>
</kw>
<kw name="Capture Page Screenshot" library="SeleniumLibrary">
<doc>Takes a screenshot of the current page and embeds it into a log file.</doc>
<msg timestamp="20220527 18:08:18.926" level="INFO" html="true">&lt;/td&gt;&lt;/tr&gt;&lt;tr&gt;&lt;td colspan="3"&gt;&lt;a href="selenium-screenshot-4.png"&gt;&lt;img src="selenium-screenshot-4.png" width="800px"&gt;&lt;/a&gt;</msg>
<status status="PASS" starttime="20220527 18:08:18.816" endtime="20220527 18:08:18.926"/>
</kw>
<kw name="Click Element" library="SeleniumLibrary">
<arg>//*[@id="input_36_91_1"]</arg>
<doc>Click the element identified by ``locator``.</doc>
<msg timestamp="20220527 18:08:18.926" level="INFO">Clicking element '//*[@id="input_36_91_1"]'.</msg>
<status status="PASS" starttime="20220527 18:08:18.926" endtime="20220527 18:08:18.973"/>
</kw>
<kw name="Click Element" library="SeleniumLibrary">
<arg>//*[@id="gform_submit_button_36"]</arg>
<doc>Click the element identified by ``locator``.</doc>
<msg timestamp="20220527 18:08:18.974" level="INFO">Clicking element '//*[@id="gform_submit_button_36"]'.</msg>
<status status="PASS" starttime="20220527 18:08:18.973" endtime="20220527 18:08:19.195"/>
</kw>
<status status="PASS" starttime="20220527 18:08:06.427" endtime="20220527 18:08:19.196"/>
</kw>
<status status="PASS" starttime="20220527 18:08:06.427" endtime="20220527 18:08:19.196"/>
</kw>
<kw name="Go To" library="SeleniumLibrary">
<arg>${URL}</arg>
<doc>Navigates the current browser window to the provided ``url``.</doc>
<msg timestamp="20220527 18:08:19.196" level="INFO">Opening url 'file:///D:/Learning/python/robot%20framework/unmatch/survey%20covid%2019/page1.html#gf_36'</msg>
<status status="PASS" starttime="20220527 18:08:19.196" endtime="20220527 18:08:19.202"/>
</kw>
<status status="PASS" starttime="20220527 18:08:06.427" endtime="20220527 18:08:19.202"/>
</iter>
<iter>
<var name="${ITEM}">00005</var>
<kw name="Run Keyword And Continue On Failure" library="BuiltIn">
<arg>PageALL</arg>
<arg>${ITEM}</arg>
<doc>Runs the keyword and continues execution even if a failure occurs.</doc>
<kw name="PageALL">
<arg>${ITEM}</arg>
<kw name="Click Element" library="SeleniumLibrary">
<arg>//*[@id="choice_36_84_0"]</arg>
<doc>Click the element identified by ``locator``.</doc>
<msg timestamp="20220527 18:08:19.203" level="INFO">Clicking element '//*[@id="choice_36_84_0"]'.</msg>
<status status="PASS" starttime="20220527 18:08:19.203" endtime="20220527 18:08:19.256"/>
</kw>
<kw name="Click Element" library="SeleniumLibrary">
<arg>//*[@id="choice_36_1_0"]</arg>
<doc>Click the element identified by ``locator``.</doc>
<msg timestamp="20220527 18:08:19.256" level="INFO">Clicking element '//*[@id="choice_36_1_0"]'.</msg>
<status status="PASS" starttime="20220527 18:08:19.256" endtime="20220527 18:08:19.316"/>
</kw>
<kw name="Input Text" library="SeleniumLibrary">
<arg>//*[@id="input_36_5"]</arg>
<arg>${ITEM}</arg>
<doc>Types the given ``text`` into the text field identified by ``locator``.</doc>
<msg timestamp="20220527 18:08:19.317" level="INFO">Typing text '00005' into text field '//*[@id="input_36_5"]'.</msg>
<status status="PASS" starttime="20220527 18:08:19.316" endtime="20220527 18:08:19.394"/>
</kw>
<kw name="Click Element" library="SeleniumLibrary">
<arg>//*[@id="gform_next_button_36_52"]</arg>
<doc>Click the element identified by ``locator``.</doc>
<msg timestamp="20220527 18:08:19.394" level="INFO">Clicking element '//*[@id="gform_next_button_36_52"]'.</msg>
<status status="PASS" starttime="20220527 18:08:19.394" endtime="20220527 18:08:19.617"/>
</kw>
<kw name="Sleep" library="BuiltIn">
<arg>3s</arg>
<doc>Pauses the test executed for the given time.</doc>
<msg timestamp="20220527 18:08:22.633" level="INFO">Slept 3 seconds</msg>
<status status="PASS" starttime="20220527 18:08:19.617" endtime="20220527 18:08:22.633"/>
</kw>
<kw name="Click Element" library="SeleniumLibrary">
<arg>//*[@id="input_36_96_1"]</arg>
<doc>Click the element identified by ``locator``.</doc>
<msg timestamp="20220527 18:08:22.634" level="INFO">Clicking element '//*[@id="input_36_96_1"]'.</msg>
<status status="PASS" starttime="20220527 18:08:22.633" endtime="20220527 18:08:22.697"/>
</kw>
<kw name="Click Element" library="SeleniumLibrary">
<arg>//*[@id="gform_next_button_36_97"]</arg>
<doc>Click the element identified by ``locator``.</doc>
<msg timestamp="20220527 18:08:22.697" level="INFO">Clicking element '//*[@id="gform_next_button_36_97"]'.</msg>
<status status="PASS" starttime="20220527 18:08:22.697" endtime="20220527 18:08:22.927"/>
</kw>
<kw name="Sleep" library="BuiltIn">
<arg>3s</arg>
<doc>Pauses the test executed for the given time.</doc>
<msg timestamp="20220527 18:08:25.935" level="INFO">Slept 3 seconds</msg>
<status status="PASS" starttime="20220527 18:08:22.927" endtime="20220527 18:08:25.935"/>
</kw>
<kw name="Run Keyword If" library="BuiltIn">
<arg>'${ITEM}' == '00001'</arg>
<arg>Click Element</arg>
<arg>//*[@id="choice_36_100_0s"]</arg>
<arg>ELSE</arg>
<arg>Click Element</arg>
<arg>//*[@id="choice_36_100_1"]</arg>
<doc>Runs the given keyword with the given arguments, if ``condition`` is true.</doc>
<kw name="Click Element" library="SeleniumLibrary">
<arg>//*[@id="choice_36_100_1"]</arg>
<doc>Click the element identified by ``locator``.</doc>
<msg timestamp="20220527 18:08:25.937" level="INFO">Clicking element '//*[@id="choice_36_100_1"]'.</msg>
<status status="PASS" starttime="20220527 18:08:25.936" endtime="20220527 18:08:26.003"/>
</kw>
<status status="PASS" starttime="20220527 18:08:25.935" endtime="20220527 18:08:26.003"/>
</kw>
<kw name="Sleep" library="BuiltIn">
<arg>2s</arg>
<doc>Pauses the test executed for the given time.</doc>
<msg timestamp="20220527 18:08:28.018" level="INFO">Slept 2 seconds</msg>
<status status="PASS" starttime="20220527 18:08:26.003" endtime="20220527 18:08:28.018"/>
</kw>
<kw name="Click Element" library="SeleniumLibrary">
<arg>//*[@id="choice_36_101_1"]</arg>
<doc>Click the element identified by ``locator``.</doc>
<msg timestamp="20220527 18:08:28.019" level="INFO">Clicking element '//*[@id="choice_36_101_1"]'.</msg>
<status status="PASS" starttime="20220527 18:08:28.018" endtime="20220527 18:08:28.086"/>
</kw>
<kw name="Click Element" library="SeleniumLibrary">
<arg>//*[@id="choice_36_103_1"]</arg>
<doc>Click the element identified by ``locator``.</doc>
<msg timestamp="20220527 18:08:28.087" level="INFO">Clicking element '//*[@id="choice_36_103_1"]'.</msg>
<status status="PASS" starttime="20220527 18:08:28.086" endtime="20220527 18:08:28.133"/>
</kw>
<kw name="Click Element" library="SeleniumLibrary">
<arg>//*[@id="choice_36_105_1"]</arg>
<doc>Click the element identified by ``locator``.</doc>
<msg timestamp="20220527 18:08:28.134" level="INFO">Clicking element '//*[@id="choice_36_105_1"]'.</msg>
<status status="PASS" starttime="20220527 18:08:28.133" endtime="20220527 18:08:28.179"/>
</kw>
<kw name="Click Element" library="SeleniumLibrary">
<arg>//*[@id="choice_36_107_1"]</arg>
<doc>Click the element identified by ``locator``.</doc>
<msg timestamp="20220527 18:08:28.180" level="INFO">Clicking element '//*[@id="choice_36_107_1"]'.</msg>
<status status="PASS" starttime="20220527 18:08:28.180" endtime="20220527 18:08:28.224"/>
</kw>
<kw name="Click Element" library="SeleniumLibrary">
<arg>//*[@id="choice_36_110_1"]</arg>
<doc>Click the element identified by ``locator``.</doc>
<msg timestamp="20220527 18:08:28.225" level="INFO">Clicking element '//*[@id="choice_36_110_1"]'.</msg>
<status status="PASS" starttime="20220527 18:08:28.224" endtime="20220527 18:08:28.271"/>
</kw>
<kw name="Input Text" library="SeleniumLibrary">
<arg>//*[@id="input_36_106"]</arg>
<arg>0867023192</arg>
<doc>Types the given ``text`` into the text field identified by ``locator``.</doc>
<msg timestamp="20220527 18:08:28.271" level="INFO">Typing text '0867023192' into text field '//*[@id="input_36_106"]'.</msg>
<status status="PASS" starttime="20220527 18:08:28.271" endtime="20220527 18:08:28.356"/>
</kw>
<kw name="Click Element" library="SeleniumLibrary">
<arg>//*[@id="gform_next_button_36_108"]</arg>
<doc>Click the element identified by ``locator``.</doc>
<msg timestamp="20220527 18:08:28.357" level="INFO">Clicking element '//*[@id="gform_next_button_36_108"]'.</msg>
<status status="PASS" starttime="20220527 18:08:28.357" endtime="20220527 18:08:28.598"/>
</kw>
<kw name="Sleep" library="BuiltIn">
<arg>3s</arg>
<doc>Pauses the test executed for the given time.</doc>
<msg timestamp="20220527 18:08:31.612" level="INFO">Slept 3 seconds</msg>
<status status="PASS" starttime="20220527 18:08:28.598" endtime="20220527 18:08:31.612"/>
</kw>
<kw name="Capture Page Screenshot" library="SeleniumLibrary">
<doc>Takes a screenshot of the current page and embeds it into a log file.</doc>
<msg timestamp="20220527 18:08:31.707" level="INFO" html="true">&lt;/td&gt;&lt;/tr&gt;&lt;tr&gt;&lt;td colspan="3"&gt;&lt;a href="selenium-screenshot-5.png"&gt;&lt;img src="selenium-screenshot-5.png" width="800px"&gt;&lt;/a&gt;</msg>
<status status="PASS" starttime="20220527 18:08:31.612" endtime="20220527 18:08:31.707"/>
</kw>
<kw name="Click Element" library="SeleniumLibrary">
<arg>//*[@id="input_36_91_1"]</arg>
<doc>Click the element identified by ``locator``.</doc>
<msg timestamp="20220527 18:08:31.708" level="INFO">Clicking element '//*[@id="input_36_91_1"]'.</msg>
<status status="PASS" starttime="20220527 18:08:31.707" endtime="20220527 18:08:31.755"/>
</kw>
<kw name="Click Element" library="SeleniumLibrary">
<arg>//*[@id="gform_submit_button_36"]</arg>
<doc>Click the element identified by ``locator``.</doc>
<msg timestamp="20220527 18:08:31.755" level="INFO">Clicking element '//*[@id="gform_submit_button_36"]'.</msg>
<status status="PASS" starttime="20220527 18:08:31.755" endtime="20220527 18:08:31.972"/>
</kw>
<status status="PASS" starttime="20220527 18:08:19.202" endtime="20220527 18:08:31.972"/>
</kw>
<status status="PASS" starttime="20220527 18:08:19.202" endtime="20220527 18:08:31.972"/>
</kw>
<kw name="Go To" library="SeleniumLibrary">
<arg>${URL}</arg>
<doc>Navigates the current browser window to the provided ``url``.</doc>
<msg timestamp="20220527 18:08:31.973" level="INFO">Opening url 'file:///D:/Learning/python/robot%20framework/unmatch/survey%20covid%2019/page1.html#gf_36'</msg>
<status status="PASS" starttime="20220527 18:08:31.973" endtime="20220527 18:08:31.979"/>
</kw>
<status status="PASS" starttime="20220527 18:08:19.202" endtime="20220527 18:08:31.979"/>
</iter>
<status status="FAIL" starttime="20220527 18:07:33.764" endtime="20220527 18:08:31.979"/>
</for>
<status status="FAIL" starttime="20220527 18:07:33.763" endtime="20220527 18:08:31.980">Element with locator '//*[@id="choice_36_100_0s"]' not found.</status>
</test>
<status status="FAIL" starttime="20220527 18:07:31.632" endtime="20220527 18:08:31.982"/>
</suite>
<statistics>
<total>
<stat pass="0" fail="1" skip="0">All Tests</stat>
</total>
<tag>
</tag>
<suite>
<stat pass="0" fail="1" skip="0" id="s1" name="Survey Covid">Survey Covid</stat>
</suite>
</statistics>
<errors>
</errors>
</robot>
